2025-03-08 02:00:14,708 INFO: File from Google Drive saved to customer_churn.csv
2025-03-08 02:00:14,759 INFO: Data from Google Drive loaded into DataFrame
2025-03-08 02:00:14,759 INFO: First 5 rows of Google Drive data:
2025-03-08 02:00:14,772 INFO:    customerID  gender  SeniorCitizen Partner Dependents  tenure PhoneService     MultipleLines InternetService OnlineSecurity OnlineBackup DeviceProtection TechSupport StreamingTV StreamingMovies        Contract PaperlessBilling              PaymentMethod  MonthlyCharges TotalCharges Churn
0  7590-VHVEG  Female              0     Yes         No       1           No  No phone service             DSL             No          Yes               No          No          No              No  Month-to-month              Yes           Electronic check           29.85        29.85    No
1  5575-GNVDE    Male              0      No         No      34          Yes                No             DSL            Yes           No              Yes          No          No              No        One year               No               Mailed check           56.95       1889.5    No
2  3668-QPYBK    Male              0      No         No       2          Yes                No             DSL            Yes          Yes               No          No          No              No  Month-to-month              Yes               Mailed check           53.85       108.15   Yes
3  7795-CFOCW    Male              0      No         No      45           No  No phone service             DSL            Yes           No              Yes         Yes          No              No        One year               No  Bank transfer (automatic)           42.30      1840.75    No
4  9237-HQITU  Female              0      No         No       2          Yes                No     Fiber optic             No           No               No          No          No              No  Month-to-month              Yes           Electronic check           70.70       151.65   Yes
2025-03-08 02:00:14,865 INFO: Connected to Postgres RDS
2025-03-08 02:00:14,968 INFO: Data from Postgres RDS loaded into DataFrame
2025-03-08 02:00:14,968 INFO: First 5 rows of Postgres RDS data:
2025-03-08 02:00:14,974 INFO:    customerid  gender  seniorcitizen partner dependents  tenure phoneservice     multiplelines internetservice onlinesecurity onlinebackup deviceprotection techsupport streamingtv streamingmovies        contract paperlessbilling              paymentmethod  monthlycharges  totalcharges churn
0  7590-VHVEG  Female              0     Yes         No       1           No  No phone service             DSL             No          Yes               No          No          No              No  Month-to-month              Yes           Electronic check           29.85         29.85    No
1  5575-GNVDE    Male              0      No         No      34          Yes                No             DSL            Yes           No              Yes          No          No              No        One year               No               Mailed check           56.95       1889.50    No
2  3668-QPYBK    Male              0      No         No       2          Yes                No             DSL            Yes          Yes               No          No          No              No  Month-to-month              Yes               Mailed check           53.85        108.15   Yes
3  7795-CFOCW    Male              0      No         No      45           No  No phone service             DSL            Yes           No              Yes         Yes          No              No        One year               No  Bank transfer (automatic)           42.30       1840.75    No
4  9237-HQITU  Female              0      No         No       2          Yes                No     Fiber optic             No           No               No          No          No              No  Month-to-month              Yes           Electronic check           70.70        151.65   Yes
2025-03-08 02:00:14,975 INFO: Postgres RDS connection closed
2025-03-08 02:00:15,823 INFO: Google Drive data uploaded to S3: raw-data/source=google_drive/type=customer_churn/timestamp=2025-03-08/customer_churn.csv
2025-03-08 02:00:16,036 INFO: Postgres RDS data uploaded to S3: raw-data/source=postgres_rds/type=customer_churn/timestamp=2025-03-08/customer_churn.csv
